[2m2019-12-13 13:49:42.692[0;39m [32m INFO[0;39m [33m[demo,,,,][0;39m [35m4316[0;39m [2m---[0;39m [2m[           main][0;39m [36mcom.hcloud.platform.PlatformApplication [0;39m [2m:[0;39m Starting PlatformApplication on ydh-PC with PID 4316 (C:\myself\platform\target\classes started by think in C:\myself\platform)
[2m2019-12-13 13:49:42.698[0;39m [32m INFO[0;39m [33m[demo,,,,][0;39m [35m4316[0;39m [2m---[0;39m [2m[           main][0;39m [36mcom.hcloud.platform.PlatformApplication [0;39m [2m:[0;39m The following profiles are active: dev
[2m2019-12-13 13:49:43.514[0;39m [33m WARN[0;39m [33m[demo,,,,][0;39m [35m4316[0;39m [2m---[0;39m [2m[           main][0;39m [36mt.m.s.mapper.ClassPathMapperScanner     [0;39m [2m:[0;39m No MyBatis mapper was found in '[com.hcloud.platform]' package. Please check your configuration.
[2m2019-12-13 13:49:43.536[0;39m [33m WARN[0;39m [33m[demo,,,,][0;39m [35m4316[0;39m [2m---[0;39m [2m[           main][0;39m [36mo.m.s.mapper.ClassPathMapperScanner     [0;39m [2m:[0;39m No MyBatis mapper was found in '[com.hcloud.platform]' package. Please check your configuration.
[2m2019-12-13 13:49:44.340[0;39m [32m INFO[0;39m [33m[demo,,,,][0;39m [35m4316[0;39m [2m---[0;39m [2m[           main][0;39m [36mo.s.b.w.embedded.tomcat.TomcatWebServer [0;39m [2m:[0;39m Tomcat initialized with port(s): 8650 (http)
[2m2019-12-13 13:49:44.353[0;39m [32m INFO[0;39m [33m[demo,,,,][0;39m [35m4316[0;39m [2m---[0;39m [2m[           main][0;39m [36mo.apache.catalina.core.StandardService  [0;39m [2m:[0;39m Starting service [Tomcat]
[2m2019-12-13 13:49:44.354[0;39m [32m INFO[0;39m [33m[demo,,,,][0;39m [35m4316[0;39m [2m---[0;39m [2m[           main][0;39m [36morg.apache.catalina.core.StandardEngine [0;39m [2m:[0;39m Starting Servlet engine: [Apache Tomcat/9.0.29]
[2m2019-12-13 13:49:44.462[0;39m [32m INFO[0;39m [33m[demo,,,,][0;39m [35m4316[0;39m [2m---[0;39m [2m[           main][0;39m [36mo.a.c.c.C.[Tomcat].[localhost].[/]      [0;39m [2m:[0;39m Initializing Spring embedded WebApplicationContext
[2m2019-12-13 13:49:44.463[0;39m [32m INFO[0;39m [33m[demo,,,,][0;39m [35m4316[0;39m [2m---[0;39m [2m[           main][0;39m [36mo.s.web.context.ContextLoader           [0;39m [2m:[0;39m Root WebApplicationContext: initialization completed in 1675 ms
[2m2019-12-13 13:49:44.710[0;39m [32m INFO[0;39m [33m[demo,,,,][0;39m [35m4316[0;39m [2m---[0;39m [2m[           main][0;39m [36mo.s.s.concurrent.ThreadPoolTaskExecutor [0;39m [2m:[0;39m Initializing ExecutorService 'applicationTaskExecutor'
[2m2019-12-13 13:49:44.938[0;39m [32m INFO[0;39m [33m[demo,,,,][0;39m [35m4316[0;39m [2m---[0;39m [2m[           main][0;39m [36mc.a.d.s.b.a.DruidDataSourceAutoConfigure[0;39m [2m:[0;39m Init DruidDataSource
[2m2019-12-13 13:49:46.181[0;39m [32m INFO[0;39m [33m[demo,,,,][0;39m [35m4316[0;39m [2m---[0;39m [2m[           main][0;39m [36mcom.alibaba.druid.pool.DruidDataSource  [0;39m [2m:[0;39m {dataSource-1} inited
[2m2019-12-13 13:49:46.215[0;39m [32m INFO[0;39m [33m[demo,,,,][0;39m [35m4316[0;39m [2m---[0;39m [2m[           main][0;39m [36mt.m.m.autoconfigure.MapperCacheDisabler [0;39m [2m:[0;39m Clear tk.mybatis.mapper.util.MsUtil CLASS_CACHE cache.
[2m2019-12-13 13:49:46.216[0;39m [32m INFO[0;39m [33m[demo,,,,][0;39m [35m4316[0;39m [2m---[0;39m [2m[           main][0;39m [36mt.m.m.autoconfigure.MapperCacheDisabler [0;39m [2m:[0;39m Clear tk.mybatis.mapper.genid.GenIdUtil CACHE cache.
[2m2019-12-13 13:49:46.217[0;39m [32m INFO[0;39m [33m[demo,,,,][0;39m [35m4316[0;39m [2m---[0;39m [2m[           main][0;39m [36mt.m.m.autoconfigure.MapperCacheDisabler [0;39m [2m:[0;39m Clear tk.mybatis.mapper.version.VersionUtil CACHE cache.
[2m2019-12-13 13:49:46.221[0;39m [32m INFO[0;39m [33m[demo,,,,][0;39m [35m4316[0;39m [2m---[0;39m [2m[           main][0;39m [36mt.m.m.autoconfigure.MapperCacheDisabler [0;39m [2m:[0;39m Clear EntityHelper entityTableMap cache.
[2m2019-12-13 13:49:46.471[0;39m [32m INFO[0;39m [33m[demo,,,,][0;39m [35m4316[0;39m [2m---[0;39m [2m[           main][0;39m [36mo.s.b.w.embedded.tomcat.TomcatWebServer [0;39m [2m:[0;39m Tomcat started on port(s): 8650 (http) with context path ''
[2m2019-12-13 13:49:46.476[0;39m [32m INFO[0;39m [33m[demo,,,,][0;39m [35m4316[0;39m [2m---[0;39m [2m[           main][0;39m [36mcom.hcloud.platform.PlatformApplication [0;39m [2m:[0;39m Started PlatformApplication in 4.744 seconds (JVM running for 8.269)
[2m2019-12-13 18:10:37.212[0;39m [32m INFO[0;39m [33m[demo,,,,][0;39m [35m4316[0;39m [2m---[0;39m [2m[extShutdownHook][0;39m [36mcom.alibaba.druid.pool.DruidDataSource  [0;39m [2m:[0;39m {dataSource-1} closing ...
[2m2019-12-13 18:10:37.223[0;39m [32m INFO[0;39m [33m[demo,,,,][0;39m [35m4316[0;39m [2m---[0;39m [2m[extShutdownHook][0;39m [36mcom.alibaba.druid.pool.DruidDataSource  [0;39m [2m:[0;39m {dataSource-1} closed
[2m2019-12-13 18:10:37.225[0;39m [32m INFO[0;39m [33m[demo,,,,][0;39m [35m4316[0;39m [2m---[0;39m [2m[extShutdownHook][0;39m [36mo.s.s.concurrent.ThreadPoolTaskExecutor [0;39m [2m:[0;39m Shutting down ExecutorService 'applicationTaskExecutor'
